proguard-project.txt
# To enable ProGuard in your project, edit project.properties
# to define the proguard.config property as described in that file.
#
# Add project specific ProGuard rules here.
# By default, the flags in this file are appended to flags specified
# in ${sdk.dir}/tools/proguard/proguard-android.txt
# You can edit the include path and order by changing the ProGuard
# include property in project.properties.
#
# For more details, see
#   http://developer.android.com/guide/developing/tools/proguard.html

# Add any project specific keep options here:

# If your project uses WebView with JS, uncomment the following
# and specify the fully qualified class name to the JavaScript interface
# class:
#-keepclassmembers class fqcn.of.javascript.interface.for.webview {
#   public *;
#}

# OrmLite uses reflection
-keepattributes Signature
-keepattributes *Annotation*
-keep class com.j256.**
-keepclassmembers class com.j256.** { *; }
-keep enum com.j256.**
-keepclassmembers enum com.j256.** { *; }
-keep interface com.j256.**
-keepclassmembers interface com.j256.** { *; }
-keep public class * extends com.j256.ormlite.android.apptools.OrmLiteSqliteOpenHelper {
public <init>(android.content.Context);
}
-keepclassmembers class com.yojiokisoft.sutramojiseek.RankingEntity { *; }