proguard/seeds.txt
com.yojiokisoft.sutramojiseek.App
com.yojiokisoft.sutramojiseek.App: App()
com.yojiokisoft.sutramojiseek.DatabaseHelper
com.yojiokisoft.sutramojiseek.MainActivity
com.yojiokisoft.sutramojiseek.MainActivity: MainActivity()
com.yojiokisoft.sutramojiseek.MainActivity: void onMokugyoButtonClicked(android.view.View)
com.yojiokisoft.sutramojiseek.MainActivity: void onResumButtonClicked(android.view.View)
com.yojiokisoft.sutramojiseek.MainActivity: void onReplayButtonClicked(android.view.View)
com.yojiokisoft.sutramojiseek.MainActivity: void onReturnOpeningButtonClicked(android.view.View)
com.yojiokisoft.sutramojiseek.MainActivity: void onExitButtonClicked(android.view.View)
com.yojiokisoft.sutramojiseek.MyButton
com.yojiokisoft.sutramojiseek.MyButton: MyButton(android.content.Context)
com.yojiokisoft.sutramojiseek.MyButton: MyButton(android.content.Context,android.util.AttributeSet)
com.yojiokisoft.sutramojiseek.MyButton: void setKana(java.lang.String)
com.yojiokisoft.sutramojiseek.OpeningActivity
com.yojiokisoft.sutramojiseek.OpeningActivity: OpeningActivity()
com.yojiokisoft.sutramojiseek.OpeningActivity: void onStartButtonClicked(android.view.View)
com.yojiokisoft.sutramojiseek.OpeningActivity: void onSettingButtonClicked(android.view.View)
com.yojiokisoft.sutramojiseek.OpeningActivity: void onUsageButtonClicked(android.view.View)
com.yojiokisoft.sutramojiseek.OpeningActivity: void onRankingButtonClicked(android.view.View)
com.yojiokisoft.sutramojiseek.R$array: int pref_button_position_titles
com.yojiokisoft.sutramojiseek.R$array: int pref_button_position_values
com.yojiokisoft.sutramojiseek.R$array: int pref_speed_titles
com.yojiokisoft.sutramojiseek.R$array: int pref_speed_values
com.yojiokisoft.sutramojiseek.R$color: int gray_scale
com.yojiokisoft.sutramojiseek.R$color: int red_dark
com.yojiokisoft.sutramojiseek.R$color: int transparentButton
com.yojiokisoft.sutramojiseek.R$dimen: int activity_horizontal_margin
com.yojiokisoft.sutramojiseek.R$dimen: int activity_vertical_margin
com.yojiokisoft.sutramojiseek.R$drawable: int btn_exit
com.yojiokisoft.sutramojiseek.R$drawable: int btn_pause
com.yojiokisoft.sutramojiseek.R$drawable: int btn_poku
com.yojiokisoft.sutramojiseek.R$drawable: int btn_push
com.yojiokisoft.sutramojiseek.R$drawable: int btn_ranking
com.yojiokisoft.sutramojiseek.R$drawable: int btn_replay
com.yojiokisoft.sutramojiseek.R$drawable: int btn_resume
com.yojiokisoft.sutramojiseek.R$drawable: int btn_return_opening
com.yojiokisoft.sutramojiseek.R$drawable: int btn_score
com.yojiokisoft.sutramojiseek.R$drawable: int btn_setting
com.yojiokisoft.sutramojiseek.R$drawable: int btn_usage
com.yojiokisoft.sutramojiseek.R$drawable: int button_bg
com.yojiokisoft.sutramojiseek.R$drawable: int button_bg2
com.yojiokisoft.sutramojiseek.R$drawable: int ic_launcher
com.yojiokisoft.sutramojiseek.R$drawable: int opening
...
com.j256.ormlite.db.DatabaseType
com.j256.ormlite.db.DatabaseType: boolean isDatabaseUrlThisType(java.lang.String,java.lang.String)
com.j256.ormlite.db.DatabaseType: void loadDriver()
com.j256.ormlite.db.DatabaseType: void setDriver(java.sql.Driver)
com.j256.ormlite.db.DatabaseType: void appendColumnArg(java.lang.String,java.lang.StringBuilder,com.j256.ormlite.field.FieldType,java.util.List,java.util.List,java.util.List,java.util.List)
com.j256.ormlite.db.DatabaseType: void addPrimaryKeySql(com.j256.ormlite.field.FieldType[],java.util.List,java.util.List,java.util.List,java.util.List)
com.j256.ormlite.db.DatabaseType: void addUniqueComboSql(com.j256.ormlite.field.FieldType[],java.util.List,java.util.List,java.util.List,java.util.List)
com.j256.ormlite.db.DatabaseType: void dropColumnArg(com.j256.ormlite.field.FieldType,java.util.List,java.util.List)
com.j256.ormlite.db.DatabaseType: void appendEscapedEntityName(java.lang.StringBuilder,java.lang.String)
com.j256.ormlite.db.DatabaseType: void appendEscapedWord(java.lang.StringBuilder,java.lang.String)
com.j256.ormlite.db.DatabaseType: java.lang.String generateIdSequenceName(java.lang.String,com.j256.ormlite.field.FieldType)
com.j256.ormlite.db.DatabaseType: java.lang.String getCommentLinePrefix()
com.j256.ormlite.db.DatabaseType: boolean isIdSequenceNeeded()
com.j256.ormlite.db.DatabaseType: com.j256.ormlite.field.FieldConverter getFieldConverter(com.j256.ormlite.field.DataPersister)
com.j256.ormlite.db.SqliteAndroidDatabaseType
com.j256.ormlite.db.SqliteAndroidDatabaseType: SqliteAndroidDatabaseType()
com.j256.ormlite.db.SqliteAndroidDatabaseType: void loadDriver()
com.j256.ormlite.db.SqliteAndroidDatabaseType: boolean isDatabaseUrlThisType(java.lang.String,java.lang.String)
com.j256.ormlite.db.SqliteAndroidDatabaseType: java.lang.String getDriverClassName()
com.j256.ormlite.db.SqliteAndroidDatabaseType: java.lang.String getDatabaseName()
com.j256.ormlite.db.SqliteAndroidDatabaseType: void appendDateType(java.lang.StringBuilder,com.j256.ormlite.field.FieldType,int)
com.j256.ormlite.db.SqliteAndroidDatabaseType: void appendBooleanType(java.lang.StringBuilder,com.j256.ormlite.field.FieldType,int)
com.j256.ormlite.db.SqliteAndroidDatabaseType: com.j256.ormlite.field.FieldConverter getFieldConverter(com.j256.ormlite.field.DataPersister)
com.j256.ormlite.db.SqliteAndroidDatabaseType: boolean isNestedSavePointsSupported()
com.j256.ormlite.db.SqliteAndroidDatabaseType: boolean isBatchUseTransaction()
com.j256.ormlite.db.SqliteAndroidDatabaseType: com.j256.ormlite.table.DatabaseTableConfig extractDatabaseTableConfig(com.j256.ormlite.support.ConnectionSource,java.lang.Class)
com.j256.ormlite.db.SqliteAndroidDatabaseType$1
com.j256.ormlite.db.SqliteAndroidDatabaseType$1: int[] $SwitchMap$com$j256$ormlite$field$SqlType
com.j256.ormlite.db.SqliteAndroidDatabaseType$1: void <clinit>()
com.j256.ormlite.field.BaseFieldConverter
com.j256.ormlite.field.BaseFieldConverter: BaseFieldConverter()
com.j256.ormlite.field.BaseFieldConverter: java.lang.Object javaToSqlArg(com.j256.ormlite.field.FieldType,java.lang.Object)
com.j256.ormlite.field.BaseFieldConverter: java.lang.Object resultToJava(com.j256.ormlite.field.FieldType,com.j256.ormlite.support.DatabaseResults,int)
com.j256.ormlite.field.BaseFieldConverter: java.lang.Object sqlArgToJava(com.j256.ormlite.field.FieldType,java.lang.Object,int)
com.j256.ormlite.field.BaseFieldConverter: boolean isStreamType()