proguard/mapping.txt
com.yojiokisoft.sutramojiseek.AdCatalogUtils -> com.yojiokisoft.sutramojiseek.a:
    com.google.ads.AdRequest createAdRequest() -> a
com.yojiokisoft.sutramojiseek.App -> com.yojiokisoft.sutramojiseek.App:
    com.yojiokisoft.sutramojiseek.App sInstance -> a
    android.content.Context sAppContext -> b
    com.yojiokisoft.sutramojiseek.App getInstance() -> a
    android.content.Context getAppContext() -> b
    java.lang.String getAppDataPath() -> c
com.yojiokisoft.sutramojiseek.DatabaseHelper -> com.yojiokisoft.sutramojiseek.DatabaseHelper:
    com.yojiokisoft.sutramojiseek.DatabaseHelper mInstance -> a
    com.yojiokisoft.sutramojiseek.DatabaseHelper getInstance() -> a
    void createTable(android.content.Context,com.j256.ormlite.support.ConnectionSource) -> a
    void onCreate(android.database.sqlite.SQLiteDatabase,com.j256.ormlite.support.ConnectionSource) -> onCreate
    void onUpgrade(android.database.sqlite.SQLiteDatabase,com.j256.ormlite.support.ConnectionSource,int,int) -> onUpgrade
com.yojiokisoft.sutramojiseek.MainActivity -> com.yojiokisoft.sutramojiseek.MainActivity:
    com.google.ads.AdView mAdViewBanner -> a
    android.media.SoundPool mSound -> b
    int mSoundId -> c
    int mStreamId -> d
    int mAinoteId -> e
    android.widget.LinearLayout mPauseContainer -> f
    android.widget.LinearLayout mScoreContainer -> g
    android.widget.TextView mScore -> h
    android.widget.TableRow[] mTableRow -> i
    android.widget.Button[][] mButton -> j
    com.yojiokisoft.sutramojiseek.SettingDao mSettings -> k
    com.yojiokisoft.sutramojiseek.SutraDao mSutraDao -> l
    int mCurrentLine -> m
    com.yojiokisoft.sutramojiseek.State mState -> n
    android.os.Handler mHandler -> o
    java.util.ArrayList mInterval -> p
    int mOkCnt -> q
    int mNgCnt -> r
    android.view.View$OnClickListener mOnButtonClicked -> s
    java.lang.Runnable mRhythmRunnable -> t
    void onCreate(android.os.Bundle) -> onCreate
    void onDestroy() -> onDestroy
    boolean onKeyDown(int,android.view.KeyEvent) -> onKeyDown
    void onReceiveAd(com.google.ads.Ad) -> a
    void onFailedToReceiveAd(com.google.ads.Ad,com.google.ads.AdRequest$ErrorCode) -> a
    void onPresentScreen(com.google.ads.Ad) -> b
    void onDismissScreen(com.google.ads.Ad) -> c
    void onLeaveApplication(com.google.ads.Ad) -> d
    void readInterval() -> b
    void printSutra(int) -> a
    void setCurrentLineBg() -> c
    void showScore() -> d
com.yojiokisoft.sutramojiseek.MainActivity$1 -> com.yojiokisoft.sutramojiseek.b:
    com.yojiokisoft.sutramojiseek.MainActivity this$0 -> a
    void onClick(android.view.View) -> onClick
com.yojiokisoft.sutramojiseek.MainActivity$2 -> com.yojiokisoft.sutramojiseek.c:
    com.yojiokisoft.sutramojiseek.MainActivity this$0 -> a
    void run() -> run
com.yojiokisoft.sutramojiseek.MyButton -> com.yojiokisoft.sutramojiseek.MyButton:
    android.graphics.Paint mPaint -> a
    java.lang.String mKana -> b
    int mKanaLen -> c
    int mTextSize -> d
    int mKanaX -> e
    int mKanaY -> f
    int mHeight -> g
    int mWidth -> h
    void onDraw(android.graphics.Canvas) -> onDraw
    void setText(java.lang.CharSequence,android.widget.TextView$BufferType) -> setText
    void setKana(java.lang.String) -> setKana
    void onSizeChanged(int,int,int,int) -> onSizeChanged
    void setXY() -> a
com.yojiokisoft.sutramojiseek.MyConst -> com.yojiokisoft.sutramojiseek.d:
    java.lang.String getDatabasePath() -> a
    java.lang.String getUncaughtBugFilePath() -> b
com.yojiokisoft.sutramojiseek.MyDialog -> com.yojiokisoft.sutramojiseek.e:
...
android.support.v4.view.KeyEventCompatHoneycomb -> android.support.v4.view.l:
    int normalizeMetaState(int) -> a
    boolean metaStateHasModifiers(int,int) -> a
    boolean metaStateHasNoModifiers(int) -> b
android.support.v4.view.MotionEventCompat -> android.support.v4.view.m:
    android.support.v4.view.MotionEventCompat$MotionEventVersionImpl IMPL -> a
    int getActionMasked(android.view.MotionEvent) -> a
    int getActionIndex(android.view.MotionEvent) -> b
    int findPointerIndex(android.view.MotionEvent,int) -> a
    int getPointerId(android.view.MotionEvent,int) -> b
    float getX(android.view.MotionEvent,int) -> c
    float getY(android.view.MotionEvent,int) -> d
    int getPointerCount(android.view.MotionEvent) -> c
android.support.v4.view.MotionEventCompat$BaseMotionEventVersionImpl -> android.support.v4.view.n:
    int findPointerIndex(android.view.MotionEvent,int) -> a
    int getPointerId(android.view.MotionEvent,int) -> b
    float getX(android.view.MotionEvent,int) -> c
    float getY(android.view.MotionEvent,int) -> d
    int getPointerCount(android.view.MotionEvent) -> a
android.support.v4.view.MotionEventCompat$EclairMotionEventVersionImpl -> android.support.v4.view.o:
    int findPointerIndex(android.view.MotionEvent,int) -> a
    int getPointerId(android.view.MotionEvent,int) -> b
    float getX(android.view.MotionEvent,int) -> c
    float getY(android.view.MotionEvent,int) -> d
    int getPointerCount(android.view.MotionEvent) -> a
android.support.v4.view.MotionEventCompat$MotionEventVersionImpl -> android.support.v4.view.p:
    int findPointerIndex(android.view.MotionEvent,int) -> a
    int getPointerId(android.view.MotionEvent,int) -> b
    float getX(android.view.MotionEvent,int) -> c
    float getY(android.view.MotionEvent,int) -> d
    int getPointerCount(android.view.MotionEvent) -> a
android.support.v4.view.MotionEventCompatEclair -> android.support.v4.view.q:
    int findPointerIndex(android.view.MotionEvent,int) -> a
    int getPointerId(android.view.MotionEvent,int) -> b
    float getX(android.view.MotionEvent,int) -> c
    float getY(android.view.MotionEvent,int) -> d
    int getPointerCount(android.view.MotionEvent) -> a
android.support.v4.view.PagerAdapter -> android.support.v4.view.r:
    android.database.DataSetObservable mObservable -> a
    int getCount() -> a
    void startUpdate(android.view.ViewGroup) -> a
    java.lang.Object instantiateItem(android.view.ViewGroup,int) -> a
    void destroyItem(android.view.ViewGroup,int,java.lang.Object) -> a
    void setPrimaryItem(android.view.ViewGroup,int,java.lang.Object) -> b
    void finishUpdate(android.view.ViewGroup) -> b
    void startUpdate(android.view.View) -> a
    java.lang.Object instantiateItem(android.view.View,int) -> a
    void destroyItem(android.view.View,int,java.lang.Object) -> a
    void setPrimaryItem(android.view.View,int,java.lang.Object) -> b
    void finishUpdate(android.view.View) -> b
    boolean isViewFromObject(android.view.View,java.lang.Object) -> a
    android.os.Parcelable saveState() -> b
    void restoreState(android.os.Parcelable,java.lang.ClassLoader) -> a
    int getItemPosition(java.lang.Object) -> a
    void registerDataSetObserver(android.database.DataSetObserver) -> a
    void unregisterDataSetObserver(android.database.DataSetObserver) -> b
    float getPageWidth(int) -> a
android.support.v4.view.VelocityTrackerCompat -> android.support.v4.view.s:
    android.support.v4.view.VelocityTrackerCompat$VelocityTrackerVersionImpl IMPL -> a
    float getXVelocity(android.view.VelocityTracker,int) -> a
    float getYVelocity(android.view.VelocityTracker,int) -> b
android.support.v4.view.VelocityTrackerCompat$BaseVelocityTrackerVersionImpl -> android.support.v4.view.t:
    float getXVelocity(android.view.VelocityTracker,int) -> a
    float getYVelocity(android.view.VelocityTracker,int) -> b