proguard/usage.txt
com.yojiokisoft.sutramojiseek.AdCatalogUtils:
    31:33:private AdCatalogUtils()
    43:48:public static boolean isExtraLargeScreen(android.content.Context)
com.yojiokisoft.sutramojiseek.BuildConfig
com.yojiokisoft.sutramojiseek.DatabaseHelper:
    private static final int DATABASE_VERSION
com.yojiokisoft.sutramojiseek.MyConst:
    public static final java.lang.String PK_PMODE
    public static final java.lang.String PK_SPEED
    public static final java.lang.String PK_SPEED_MY_PACE
    public static final java.lang.String PK_SPEED_SLOW
    public static final java.lang.String PK_SPEED_NORMAL
    public static final java.lang.String PK_SPEED_FAST
    public static final java.lang.String PK_RHYTHM_SOUND
    public static final java.lang.String PK_BUTTON_POSITION
    public static final java.lang.String PK_BUTTON_POSITIONS_RIGHT
    public static final java.lang.String PK_BUTTON_POSITIONS_LEFT
    public static final java.lang.String PK_AINOTE
    public static final java.lang.String PK_AINOTE_SOUND
    public static final java.lang.String DATABASE_FILE
    public static final java.lang.String BUG_CAUGHT_FILE
    public static final java.lang.String BUG_UNCAUGHT_FILE
    21:21:public MyConst()
    74:74:public static java.lang.String getCaughtBugFilePath()
com.yojiokisoft.sutramojiseek.MyFile:
    30:30:public MyFile()
    42:56:public static java.util.List getFileList(java.lang.String,java.lang.String)
    67:68:public static java.io.FilenameFilter getFileExtensionFilter(java.lang.String)
    97:103:public static void closeQuietly(java.io.InputStream)
    113:119:public static void closeQuietly(java.io.OutputStream)
com.yojiokisoft.sutramojiseek.MyFile$1
com.yojiokisoft.sutramojiseek.MyLog:
    28:28:public MyLog()
    63:63:public static void d(java.lang.String)
    76:76:public static void d(java.lang.String,java.lang.String)
    90:90:public static void d(java.lang.String,java.lang.Throwable)
    104:104:public static void d(java.lang.String,java.lang.String,java.lang.Throwable)
    113:115:private static java.lang.StackTraceElement getCallerInfo()
    127:130:private static java.lang.String getCallerInfo(java.lang.StackTraceElement)
    142:144:private static java.lang.String getShortClassName(java.lang.String)
com.yojiokisoft.sutramojiseek.MyRandom:
    5:5:public MyRandom()
com.yojiokisoft.sutramojiseek.MyResource:
    30:30:public MyResource()
    47:47:public static int getStatusBarHeight()
com.yojiokisoft.sutramojiseek.MyUncaughtExceptionHandler:
    114:134:public static void sendBugReport(android.content.Context,java.lang.Throwable)
com.yojiokisoft.sutramojiseek.R
com.yojiokisoft.sutramojiseek.R$array
com.yojiokisoft.sutramojiseek.R$attr
com.yojiokisoft.sutramojiseek.R$color
com.yojiokisoft.sutramojiseek.R$dimen
com.yojiokisoft.sutramojiseek.R$drawable
com.yojiokisoft.sutramojiseek.R$id
com.yojiokisoft.sutramojiseek.R$layout
com.yojiokisoft.sutramojiseek.R$raw
com.yojiokisoft.sutramojiseek.R$string
com.yojiokisoft.sutramojiseek.R$style
com.yojiokisoft.sutramojiseek.R$xml
com.yojiokisoft.sutramojiseek.Score:
    3:3:public Score()
com.yojiokisoft.sutramojiseek.SettingsActivity:
    private static final boolean ALWAYS_SIMPLE_PREFS
    192:192:static synthetic void access$0(android.preference.Preference)
com.yojiokisoft.sutramojiseek.SettingsActivity$GeneralPreferenceFragment
com.yojiokisoft.sutramojiseek.SoundEntity:
    private static final long serialVersionUID
com.yojiokisoft.sutramojiseek.State:
    public static final int S_INIT
    public static final int S_PLAY
    public static final int S_PAUSE
    public static final int S_SCORE
com.yojiokisoft.sutramojiseek.SutraDao:
    private static final java.lang.String mSutra
...
android.support.v4.media.TransportMediatorJellybeanMR2
android.support.v4.media.TransportMediatorJellybeanMR2$1
android.support.v4.media.TransportMediatorJellybeanMR2$2
android.support.v4.media.TransportMediatorJellybeanMR2$3
android.support.v4.media.TransportMediatorJellybeanMR2$4
android.support.v4.media.TransportPerformer
android.support.v4.media.TransportStateListener
android.support.v4.net.ConnectivityManagerCompat
android.support.v4.net.ConnectivityManagerCompat$BaseConnectivityManagerCompatImpl
android.support.v4.net.ConnectivityManagerCompat$ConnectivityManagerCompatImpl
android.support.v4.net.ConnectivityManagerCompat$GingerbreadConnectivityManagerCompatImpl
android.support.v4.net.ConnectivityManagerCompat$HoneycombMR2ConnectivityManagerCompatImpl
android.support.v4.net.ConnectivityManagerCompat$JellyBeanConnectivityManagerCompatImpl
android.support.v4.net.ConnectivityManagerCompatGingerbread
android.support.v4.net.ConnectivityManagerCompatHoneycombMR2
android.support.v4.net.ConnectivityManagerCompatJellyBean
android.support.v4.net.TrafficStatsCompat
android.support.v4.net.TrafficStatsCompat$1
android.support.v4.net.TrafficStatsCompat$BaseTrafficStatsCompatImpl
android.support.v4.net.TrafficStatsCompat$BaseTrafficStatsCompatImpl$1
android.support.v4.net.TrafficStatsCompat$BaseTrafficStatsCompatImpl$SocketTags
android.support.v4.net.TrafficStatsCompat$IcsTrafficStatsCompatImpl
android.support.v4.net.TrafficStatsCompat$TrafficStatsCompatImpl
android.support.v4.net.TrafficStatsCompatIcs
android.support.v4.os.ParcelableCompat:
    26:42:public ParcelableCompat()
android.support.v4.os.ParcelableCompatCreatorHoneycombMR2Stub:
    22:22:ParcelableCompatCreatorHoneycombMR2Stub()
android.support.v4.text.BidiFormatter
android.support.v4.text.BidiFormatter$1
android.support.v4.text.BidiFormatter$Builder
android.support.v4.text.BidiFormatter$DirectionalityEstimator
android.support.v4.text.ICUCompat
android.support.v4.text.ICUCompat$ICUCompatImpl
android.support.v4.text.ICUCompat$ICUCompatImplBase
android.support.v4.text.ICUCompat$ICUCompatImplIcs
android.support.v4.text.ICUCompatIcs
android.support.v4.text.TextDirectionHeuristicCompat
android.support.v4.text.TextDirectionHeuristicsCompat
android.support.v4.text.TextDirectionHeuristicsCompat$1
android.support.v4.text.TextDirectionHeuristicsCompat$AnyStrong
android.support.v4.text.TextDirectionHeuristicsCompat$FirstStrong
android.support.v4.text.TextDirectionHeuristicsCompat$TextDirectionAlgorithm
android.support.v4.text.TextDirectionHeuristicsCompat$TextDirectionHeuristicImpl
android.support.v4.text.TextDirectionHeuristicsCompat$TextDirectionHeuristicInternal
android.support.v4.text.TextDirectionHeuristicsCompat$TextDirectionHeuristicLocale
android.support.v4.text.TextUtilsCompat
android.support.v4.util.AtomicFile
android.support.v4.util.DebugUtils:
    25:25:public DebugUtils()
android.support.v4.util.LongSparseArray
android.support.v4.util.LruCache
android.support.v4.util.SparseArrayCompat:
    52:52:public java.lang.Object get(int)
    60:65:public java.lang.Object get(int,java.lang.Object)
    73:81:public void delete(int)
    87:88:public void remove(int)
    94:98:public void removeAt(int)
    107:111:public void removeAtRange(int,int)
    146:190:public void put(int,java.lang.Object)
    236:241:public void setValueAt(int,java.lang.Object)
    249:253:public int indexOfKey(int)
    265:273:public int indexOfValue(java.lang.Object)
    296:323:public void append(int,java.lang.Object)
    326:342:private static int binarySearch(int[],int,int,int)
android.support.v4.util.TimeUtils
android.support.v4.view.AccessibilityDelegateCompat
android.support.v4.view.AccessibilityDelegateCompat$AccessibilityDelegateIcsImpl
android.support.v4.view.AccessibilityDelegateCompat$AccessibilityDelegateIcsImpl$1
android.support.v4.view.AccessibilityDelegateCompat$AccessibilityDelegateImpl
android.support.v4.view.AccessibilityDelegateCompat$AccessibilityDelegateJellyBeanImpl